<?xml version="1.0" encoding="UTF-8"?>
<!-- Generated by org.testng.reporters.JUnitXMLReporter -->
<testsuite ignored="0" hostname="DESKTOP-7AKMRUB" failures="0" tests="8" name="Test" time="11.721" errors="0" timestamp="2023-06-28T13:02:11 IST">
  <testcase classname="swagger.api.store.test.StoreTest_From_PropertiesFiles" name="test_CreateOrder" time="2.956"/>
  <testcase classname="swagger.api.store.test.StoreTest_From_PropertiesFiles" name="test_FindOrdersById" time="1.163"/>
  <testcase classname="swagger.api.store.test.StoreTest_From_PropertiesFiles" name="test_InventoryDetails" time="1.244"/>
  <testcase classname="swagger.api.store.test.StoreTest_From_PropertiesFiles" name="test_DeteleOrders" time="1.328"/>
  <testcase classname="swagger.api.store.test.StoreTest" name="test_CreateOrder" time="1.187"/>
  <testcase classname="swagger.api.store.test.StoreTest" name="test_FindOrdersById" time="1.164"/>
  <testcase classname="swagger.api.store.test.StoreTest" name="test_InventoryDetails" time="1.152"/>
  <testcase classname="swagger.api.store.test.StoreTest" name="test_DeteleOrders" time="1.196"/>
</testsuite> <!-- Test -->
