<?xml version="1.0" encoding="UTF-8"?>
<!-- Generated by org.testng.reporters.JUnitXMLReporter -->
<testsuite ignored="0" hostname="DESKTOP-7AKMRUB" failures="0" tests="8" name="Test" time="11.267" errors="0" timestamp="2023-06-29T09:52:11 IST">
  <testcase classname="swagger.api.store.test.StoreTest_From_PropertiesFiles" name="test_CreateOrder" time="3.103"/>
  <testcase classname="swagger.api.store.test.StoreTest_From_PropertiesFiles" name="test_FindOrdersById" time="1.096"/>
  <testcase classname="swagger.api.store.test.StoreTest_From_PropertiesFiles" name="test_InventoryDetails" time="1.232"/>
  <testcase classname="swagger.api.store.test.StoreTest_From_PropertiesFiles" name="test_DeteleOrders" time="1.066"/>
  <testcase classname="swagger.api.store.test.StoreTest" name="test_CreateOrder" time="1.223"/>
  <testcase classname="swagger.api.store.test.StoreTest" name="test_FindOrdersById" time="1.115"/>
  <testcase classname="swagger.api.store.test.StoreTest" name="test_InventoryDetails" time="1.028"/>
  <testcase classname="swagger.api.store.test.StoreTest" name="test_DeteleOrders" time="1.128"/>
</testsuite> <!-- Test -->
