<?xml version="1.0" encoding="UTF-8"?>
<testng-results ignored="0" total="8" passed="8" failed="0" skipped="0">
  <reporter-output>
  </reporter-output>
  <suite started-at="2023-06-29T09:51:59 IST" name="Suite" finished-at="2023-06-29T09:52:10 IST" duration-ms="11267">
    <groups>
    </groups>
    <test started-at="2023-06-29T09:51:59 IST" name="Test" finished-at="2023-06-29T09:52:10 IST" duration-ms="11267">
      <class name="swagger.api.store.test.StoreTest_From_PropertiesFiles">
        <test-method is-config="true" signature="setup()[pri:0, instance:swagger.api.store.test.StoreTest_From_PropertiesFiles@67304a40]" started-at="2023-06-29T09:51:59 IST" name="setup" finished-at="2023-06-29T09:51:59 IST" duration-ms="33" status="PASS">
          <reporter-output>
          </reporter-output>
        </test-method> <!-- setup -->
        <test-method signature="test_CreateOrder()[pri:1, instance:swagger.api.store.test.StoreTest_From_PropertiesFiles@67304a40]" started-at="2023-06-29T09:51:59 IST" name="test_CreateOrder" finished-at="2023-06-29T09:52:02 IST" duration-ms="3103" status="PASS">
          <reporter-output>
          </reporter-output>
        </test-method> <!-- test_CreateOrder -->
        <test-method signature="test_FindOrdersById()[pri:2, instance:swagger.api.store.test.StoreTest_From_PropertiesFiles@67304a40]" started-at="2023-06-29T09:52:02 IST" name="test_FindOrdersById" finished-at="2023-06-29T09:52:04 IST" duration-ms="1096" status="PASS">
          <reporter-output>
          </reporter-output>
        </test-method> <!-- test_FindOrdersById -->
        <test-method signature="test_InventoryDetails()[pri:3, instance:swagger.api.store.test.StoreTest_From_PropertiesFiles@67304a40]" started-at="2023-06-29T09:52:04 IST" name="test_InventoryDetails" finished-at="2023-06-29T09:52:05 IST" duration-ms="1232" status="PASS">
          <reporter-output>
          </reporter-output>
        </test-method> <!-- test_InventoryDetails -->
        <test-method signature="test_DeteleOrders()[pri:4, instance:swagger.api.store.test.StoreTest_From_PropertiesFiles@67304a40]" started-at="2023-06-29T09:52:05 IST" name="test_DeteleOrders" finished-at="2023-06-29T09:52:06 IST" duration-ms="1066" status="PASS">
          <reporter-output>
          </reporter-output>
        </test-method> <!-- test_DeteleOrders -->
      </class> <!-- swagger.api.store.test.StoreTest_From_PropertiesFiles -->
      <class name="swagger.api.store.test.StoreTest">
        <test-method is-config="true" signature="setup()[pri:0, instance:swagger.api.store.test.StoreTest@13d73fa]" started-at="2023-06-29T09:52:06 IST" name="setup" finished-at="2023-06-29T09:52:06 IST" duration-ms="1" status="PASS">
          <reporter-output>
          </reporter-output>
        </test-method> <!-- setup -->
        <test-method signature="test_CreateOrder()[pri:1, instance:swagger.api.store.test.StoreTest@13d73fa]" started-at="2023-06-29T09:52:06 IST" name="test_CreateOrder" finished-at="2023-06-29T09:52:07 IST" duration-ms="1223" status="PASS">
          <reporter-output>
          </reporter-output>
        </test-method> <!-- test_CreateOrder -->
        <test-method signature="test_FindOrdersById()[pri:2, instance:swagger.api.store.test.StoreTest@13d73fa]" started-at="2023-06-29T09:52:07 IST" name="test_FindOrdersById" finished-at="2023-06-29T09:52:08 IST" duration-ms="1115" status="PASS">
          <reporter-output>
          </reporter-output>
        </test-method> <!-- test_FindOrdersById -->
        <test-method signature="test_InventoryDetails()[pri:3, instance:swagger.api.store.test.StoreTest@13d73fa]" started-at="2023-06-29T09:52:08 IST" name="test_InventoryDetails" finished-at="2023-06-29T09:52:09 IST" duration-ms="1028" status="PASS">
          <reporter-output>
          </reporter-output>
        </test-method> <!-- test_InventoryDetails -->
        <test-method signature="test_DeteleOrders()[pri:4, instance:swagger.api.store.test.StoreTest@13d73fa]" started-at="2023-06-29T09:52:09 IST" name="test_DeteleOrders" finished-at="2023-06-29T09:52:10 IST" duration-ms="1128" status="PASS">
          <reporter-output>
          </reporter-output>
        </test-method> <!-- test_DeteleOrders -->
      </class> <!-- swagger.api.store.test.StoreTest -->
    </test> <!-- Test -->
  </suite> <!-- Suite -->
</testng-results>
