<?xml version="1.0" encoding="UTF-8"?>
<testsuite name="TestSuite" time="11.033" tests="8" errors="0" skipped="0" failures="0">
  <properties>
[...]
</properties>
  <testcase name="test_CreateOrder" classname="swagger.api.store.test.StoreTest_From_PropertiesFiles" time="3.122"/>
  <testcase name="test_FindOrdersById" classname="swagger.api.store.test.StoreTest_From_PropertiesFiles" time="1.094"/>
  <testcase name="test_InventoryDetails" classname="swagger.api.store.test.StoreTest_From_PropertiesFiles" time="1.236"/>
  <testcase name="test_DeteleOrders" classname="swagger.api.store.test.StoreTest_From_PropertiesFiles" time="1.068"/>
  <testcase name="test_CreateOrder" classname="swagger.api.store.test.StoreTest" time="1.225"/>
  <testcase name="test_FindOrdersById" classname="swagger.api.store.test.StoreTest" time="1.112"/>
  <testcase name="test_InventoryDetails" classname="swagger.api.store.test.StoreTest" time="1.031"/>
  <testcase name="test_DeteleOrders" classname="swagger.api.store.test.StoreTest" time="1.145"/>
</testsuite>