<?xml version="1.0" encoding="UTF-8"?>
<testng-results ignored="0" total="8" passed="8" failed="0" skipped="0">
  <reporter-output>
  </reporter-output>
  <suite started-at="2023-06-28T13:01:59 IST" name="Suite" finished-at="2023-06-28T13:02:11 IST" duration-ms="11721">
    <groups>
    </groups>
    <test started-at="2023-06-28T13:01:59 IST" name="Test" finished-at="2023-06-28T13:02:11 IST" duration-ms="11721">
      <class name="swagger.api.store.test.StoreTest_From_PropertiesFiles">
        <test-method is-config="true" signature="setup()[pri:0, instance:swagger.api.store.test.StoreTest_From_PropertiesFiles@62452cc9]" started-at="2023-06-28T13:01:59 IST" name="setup" finished-at="2023-06-28T13:01:59 IST" duration-ms="38" status="PASS">
          <reporter-output>
          </reporter-output>
        </test-method> <!-- setup -->
        <test-method signature="test_CreateOrder()[pri:1, instance:swagger.api.store.test.StoreTest_From_PropertiesFiles@62452cc9]" started-at="2023-06-28T13:01:59 IST" name="test_CreateOrder" finished-at="2023-06-28T13:02:02 IST" duration-ms="2956" status="PASS">
          <reporter-output>
          </reporter-output>
        </test-method> <!-- test_CreateOrder -->
        <test-method signature="test_FindOrdersById()[pri:2, instance:swagger.api.store.test.StoreTest_From_PropertiesFiles@62452cc9]" started-at="2023-06-28T13:02:02 IST" name="test_FindOrdersById" finished-at="2023-06-28T13:02:03 IST" duration-ms="1163" status="PASS">
          <reporter-output>
          </reporter-output>
        </test-method> <!-- test_FindOrdersById -->
        <test-method signature="test_InventoryDetails()[pri:3, instance:swagger.api.store.test.StoreTest_From_PropertiesFiles@62452cc9]" started-at="2023-06-28T13:02:03 IST" name="test_InventoryDetails" finished-at="2023-06-28T13:02:05 IST" duration-ms="1244" status="PASS">
          <reporter-output>
          </reporter-output>
        </test-method> <!-- test_InventoryDetails -->
        <test-method signature="test_DeteleOrders()[pri:4, instance:swagger.api.store.test.StoreTest_From_PropertiesFiles@62452cc9]" started-at="2023-06-28T13:02:05 IST" name="test_DeteleOrders" finished-at="2023-06-28T13:02:06 IST" duration-ms="1328" status="PASS">
          <reporter-output>
          </reporter-output>
        </test-method> <!-- test_DeteleOrders -->
      </class> <!-- swagger.api.store.test.StoreTest_From_PropertiesFiles -->
      <class name="swagger.api.store.test.StoreTest">
        <test-method is-config="true" signature="setup()[pri:0, instance:swagger.api.store.test.StoreTest@488eb7f2]" started-at="2023-06-28T13:02:06 IST" name="setup" finished-at="2023-06-28T13:02:06 IST" duration-ms="7" status="PASS">
          <reporter-output>
          </reporter-output>
        </test-method> <!-- setup -->
        <test-method signature="test_CreateOrder()[pri:1, instance:swagger.api.store.test.StoreTest@488eb7f2]" started-at="2023-06-28T13:02:06 IST" name="test_CreateOrder" finished-at="2023-06-28T13:02:07 IST" duration-ms="1187" status="PASS">
          <reporter-output>
          </reporter-output>
        </test-method> <!-- test_CreateOrder -->
        <test-method signature="test_FindOrdersById()[pri:2, instance:swagger.api.store.test.StoreTest@488eb7f2]" started-at="2023-06-28T13:02:07 IST" name="test_FindOrdersById" finished-at="2023-06-28T13:02:08 IST" duration-ms="1164" status="PASS">
          <reporter-output>
          </reporter-output>
        </test-method> <!-- test_FindOrdersById -->
        <test-method signature="test_InventoryDetails()[pri:3, instance:swagger.api.store.test.StoreTest@488eb7f2]" started-at="2023-06-28T13:02:08 IST" name="test_InventoryDetails" finished-at="2023-06-28T13:02:09 IST" duration-ms="1152" status="PASS">
          <reporter-output>
          </reporter-output>
        </test-method> <!-- test_InventoryDetails -->
        <test-method signature="test_DeteleOrders()[pri:4, instance:swagger.api.store.test.StoreTest@488eb7f2]" started-at="2023-06-28T13:02:09 IST" name="test_DeteleOrders" finished-at="2023-06-28T13:02:11 IST" duration-ms="1196" status="PASS">
          <reporter-output>
          </reporter-output>
        </test-method> <!-- test_DeteleOrders -->
      </class> <!-- swagger.api.store.test.StoreTest -->
    </test> <!-- Test -->
  </suite> <!-- Suite -->
</testng-results>
